<?xml version="1.0" encoding="UTF-8"?>
<robot generator="Robot 7.0 (Python 3.8.12 on linux)" generated="2025-06-09T03:38:40.699800" rpa="false" schemaversion="5">
<suite id="s1" name="DeviceFarm" source="/home/runner/work/test-uiautomator2-driver/test-uiautomator2-driver/test/DeviceFarm.robot">
<test id="s1-t1" name="Beta 1 - Test Enable wifi settings" line="11">
<kw name="Beta Setup" type="SETUP">
<kw name="Start Record Video" owner="commons">
<kw name="Replace String" owner="String">
<msg time="2025-06-09T03:38:41.265843" level="INFO">${video_name} = Beta_1_-_Test_Enable_wifi_settings</msg>
<var>${video_name}</var>
<arg>${TEST_NAME}</arg>
<arg>${SPACE}</arg>
<arg>_</arg>
<doc>Replaces ``search_for`` in the given ``string`` with ``replace_with``.</doc>
<status status="PASS" start="2025-06-09T03:38:41.265299" elapsed="0.000620"/>
</kw>
<kw name="Start Recording" owner="test_screenRecord">
<msg time="2025-06-09T03:38:41.336968" level="INFO">Started screen recording to Beta_1_-_Test_Enable_wifi_settings.mp4</msg>
<arg>${video_name}.mp4</arg>
<status status="PASS" start="2025-06-09T03:38:41.266680" elapsed="0.070654"/>
</kw>
<status status="PASS" start="2025-06-09T03:38:41.263412" elapsed="0.075259"/>
</kw>
<kw name="Open API Demos" owner="commons">
<kw name="Load Environment Variables" owner="load_env">
<msg time="2025-06-09T03:38:41.341632" level="INFO">${env_vars} = {'SHELL': '/bin/bash', 'SELENIUM_JAR_PATH': '/usr/share/java/selenium-server.jar', 'CONDA': '/usr/share/miniconda', 'GITHUB_WORKSPACE': '/home/runner/work/test-uiautomator2-driver/test-uiautomator2-dr...</msg>
<var>${env_vars}</var>
<status status="PASS" start="2025-06-09T03:38:41.340419" elapsed="0.001300"/>
</kw>
<kw name="Log To Console" owner="BuiltIn">
<arg>${env_vars['PATH_TO_APK']}</arg>
<doc>Logs the given message to the console.</doc>
<status status="PASS" start="2025-06-09T03:38:41.342403" elapsed="0.001268"/>
</kw>
<kw name="Open Application" owner="AppiumLibrary">
<arg>${env_vars['APPIUM_TEST_SERVER_HOST']}:${env_vars['APPIUM_TEST_SERVER_PORT']}</arg>
<arg>platformName=${env_vars['PLATFORM_NAME']}</arg>
<arg>platformVersion=${env_vars['PLATFORM_VERSION']}</arg>
<arg>deviceName=${env_vars['DEVICE_NAME']}</arg>
<arg>appPackage=${env_vars['APP_PACKAGE']}</arg>
<arg>appWaitActivity=${env_vars['APP_ACTIVITY']}</arg>
<arg>app=${env_vars['PATH_TO_APK']}</arg>
<arg>automationName=${env_vars['AUTOMATION_NAME']}</arg>
<arg>enforceXPath1=${True}</arg>
<doc>Opens a new application to given Appium server.
Capabilities of appium server, Android and iOS,
Please check https://appium.io/docs/en/2.1/cli/args/
| *Option*            | *Man.* | *Description*     |
| remote_url          | Yes    | Appium server url |
| alias               | no     | alias             |
| strict_ssl          | No     | allows you to send commands to an invalid certificate host like a self-signed one. |</doc>
<status status="PASS" start="2025-06-09T03:38:41.344111" elapsed="17.757078"/>
</kw>
<status status="PASS" start="2025-06-09T03:38:41.339494" elapsed="17.762212"/>
</kw>
<status status="PASS" start="2025-06-09T03:38:41.262472" elapsed="17.839472"/>
</kw>
<kw name="Tap On Element Test Keyword" owner="commons">
<kw name="Run Keyword And Return Status" owner="BuiltIn">
<kw name="Wait Until Element Is Visible" owner="AppiumLibrary">
<msg time="2025-06-09T03:38:59.792083" level="INFO">xpath criteria: //android.widget.TextView[@content-desc="Preference"]</msg>
<arg>${locator}</arg>
<arg>${global_timeout}</arg>
<doc>Waits until element specified with `locator` is visible.</doc>
<status status="PASS" start="2025-06-09T03:38:59.103414" elapsed="0.688871"/>
</kw>
<msg time="2025-06-09T03:38:59.793137" level="INFO">${is_element_visible} = True</msg>
<var>${is_element_visible}</var>
<arg>Wait Until Element Is Visible</arg>
<arg>${locator}</arg>
<arg>${global_timeout}</arg>
<doc>Runs the given keyword with given arguments and returns the status as a Boolean value.</doc>
<status status="PASS" start="2025-06-09T03:38:59.103148" elapsed="0.690048"/>
</kw>
<if>
<branch type="IF" condition="${is_element_visible} == ${False}">
<kw name="Fail" owner="BuiltIn">
<arg>${element_name} not visible after ${global_timeout}</arg>
<doc>Fails the test with the given message and optionally alters its tags.</doc>
<status status="NOT RUN" start="2025-06-09T03:38:59.794445" elapsed="0.000124"/>
</kw>
<status status="NOT RUN" start="2025-06-09T03:38:59.793844" elapsed="0.000998"/>
</branch>
<status status="PASS" start="2025-06-09T03:38:59.793783" elapsed="0.001297"/>
</if>
<kw name="Get Element Attribute" owner="AppiumLibrary">
<msg time="2025-06-09T03:38:59.907990" level="INFO">Element '//android.widget.TextView[@content-desc="Preference"]' attribute 'bounds' value '[0,521][320,569]' </msg>
<msg time="2025-06-09T03:38:59.908204" level="INFO">xpath criteria: //android.widget.TextView[@content-desc="Preference"]</msg>
<msg time="2025-06-09T03:38:59.908343" level="INFO">${element_location} = [0,521][320,569]</msg>
<var>${element_location}</var>
<arg>${locator}</arg>
<arg>bounds</arg>
<doc>Get element attribute using given attribute: name, value,...</doc>
<status status="PASS" start="2025-06-09T03:38:59.795373" elapsed="0.113015"/>
</kw>
<kw name="Re Find All" owner="handle_elements_bounds">
<msg time="2025-06-09T03:38:59.909967" level="INFO">${matches} = ['0', '521', '320', '569']</msg>
<var>${matches}</var>
<arg>${element_location}</arg>
<doc>Find all occurrences of a pattern in a string using regex.</doc>
<status status="PASS" start="2025-06-09T03:38:59.909433" elapsed="0.000592"/>
</kw>
<kw name="Evaluate" owner="BuiltIn">
<msg time="2025-06-09T03:38:59.913480" level="INFO">${x_center} = 160</msg>
<var>${x_center}</var>
<arg>int((int(${matches[0]}) + int(${matches[2]})) / 2 )</arg>
<doc>Evaluates the given expression in Python and returns the result.</doc>
<status status="PASS" start="2025-06-09T03:38:59.910759" elapsed="0.002780"/>
</kw>
<kw name="Evaluate" owner="BuiltIn">
<msg time="2025-06-09T03:38:59.919037" level="INFO">${y_center} = 545</msg>
<var>${y_center}</var>
<arg>int((int(${matches[1]}) + int(${matches[3]})) / 2 )</arg>
<doc>Evaluates the given expression in Python and returns the result.</doc>
<status status="PASS" start="2025-06-09T03:38:59.914397" elapsed="0.004698"/>
</kw>
<kw name="Create List" owner="BuiltIn">
<msg time="2025-06-09T03:38:59.920376" level="INFO">@{position} = [ 160 | 545 ]</msg>
<var>@{position}</var>
<arg>${x_center}</arg>
<arg>${y_center}</arg>
<doc>Returns a list containing given items.</doc>
<status status="PASS" start="2025-06-09T03:38:59.919871" elapsed="0.000554"/>
</kw>
<kw name="Create List" owner="BuiltIn">
<msg time="2025-06-09T03:38:59.921477" level="INFO">@{positions} = [ [160, 545] ]</msg>
<var>@{positions}</var>
<arg>${position}</arg>
<doc>Returns a list containing given items.</doc>
<status status="PASS" start="2025-06-09T03:38:59.921118" elapsed="0.000409"/>
</kw>
<kw name="Tap With Positions" owner="AppiumLibrary">
<arg>1000</arg>
<arg>@{positions}</arg>
<doc>Taps on a particular place with up to five fingers, holding for a
certain time</doc>
<status status="PASS" start="2025-06-09T03:38:59.922274" elapsed="2.050081"/>
</kw>
<arg>Menu Preference</arg>
<arg>${menu_preference}</arg>
<status status="PASS" start="2025-06-09T03:38:59.102571" elapsed="2.870268"/>
</kw>
<kw name="Tap On Element Test Keyword" owner="commons">
<kw name="Run Keyword And Return Status" owner="BuiltIn">
<kw name="Wait Until Element Is Visible" owner="AppiumLibrary">
<msg time="2025-06-09T03:39:02.693210" level="INFO">xpath criteria: //android.widget.TextView[@content-desc="3. Preference dependencies"]</msg>
<arg>${locator}</arg>
<arg>${global_timeout}</arg>
<doc>Waits until element specified with `locator` is visible.</doc>
<status status="PASS" start="2025-06-09T03:39:01.974380" elapsed="0.719008"/>
</kw>
<msg time="2025-06-09T03:39:02.694147" level="INFO">${is_element_visible} = True</msg>
<var>${is_element_visible}</var>
<arg>Wait Until Element Is Visible</arg>
<arg>${locator}</arg>
<arg>${global_timeout}</arg>
<doc>Runs the given keyword with given arguments and returns the status as a Boolean value.</doc>
<status status="PASS" start="2025-06-09T03:39:01.974114" elapsed="0.720078"/>
</kw>
<if>
<branch type="IF" condition="${is_element_visible} == ${False}">
<kw name="Fail" owner="BuiltIn">
<arg>${element_name} not visible after ${global_timeout}</arg>
<doc>Fails the test with the given message and optionally alters its tags.</doc>
<status status="NOT RUN" start="2025-06-09T03:39:02.695294" elapsed="0.000103"/>
</kw>
<status status="NOT RUN" start="2025-06-09T03:39:02.694764" elapsed="0.000942"/>
</branch>
<status status="PASS" start="2025-06-09T03:39:02.694715" elapsed="0.001266"/>
</if>
<kw name="Get Element Attribute" owner="AppiumLibrary">
<msg time="2025-06-09T03:39:02.866975" level="INFO">Element '//android.widget.TextView[@content-desc="3. Preference dependencies"]' attribute 'bounds' value '[0,178][320,226]' </msg>
<msg time="2025-06-09T03:39:02.867120" level="INFO">xpath criteria: //android.widget.TextView[@content-desc="3. Preference dependencies"]</msg>
<msg time="2025-06-09T03:39:02.867253" level="INFO">${element_location} = [0,178][320,226]</msg>
<var>${element_location}</var>
<arg>${locator}</arg>
<arg>bounds</arg>
<doc>Get element attribute using given attribute: name, value,...</doc>
<status status="PASS" start="2025-06-09T03:39:02.696211" elapsed="0.171085"/>
</kw>
<kw name="Re Find All" owner="handle_elements_bounds">
<msg time="2025-06-09T03:39:02.868606" level="INFO">${matches} = ['0', '178', '320', '226']</msg>
<var>${matches}</var>
<arg>${element_location}</arg>
<doc>Find all occurrences of a pattern in a string using regex.</doc>
<status status="PASS" start="2025-06-09T03:39:02.868185" elapsed="0.000468"/>
</kw>
<kw name="Evaluate" owner="BuiltIn">
<msg time="2025-06-09T03:39:02.871498" level="INFO">${x_center} = 160</msg>
<var>${x_center}</var>
<arg>int((int(${matches[0]}) + int(${matches[2]})) / 2 )</arg>
<doc>Evaluates the given expression in Python and returns the result.</doc>
<status status="PASS" start="2025-06-09T03:39:02.869170" elapsed="0.002409"/>
</kw>
<kw name="Evaluate" owner="BuiltIn">
<msg time="2025-06-09T03:39:02.874377" level="INFO">${y_center} = 202</msg>
<var>${y_center}</var>
<arg>int((int(${matches[1]}) + int(${matches[3]})) / 2 )</arg>
<doc>Evaluates the given expression in Python and returns the result.</doc>
<status status="PASS" start="2025-06-09T03:39:02.872208" elapsed="0.002219"/>
</kw>
<kw name="Create List" owner="BuiltIn">
<msg time="2025-06-09T03:39:02.875475" level="INFO">@{position} = [ 160 | 202 ]</msg>
<var>@{position}</var>
<arg>${x_center}</arg>
<arg>${y_center}</arg>
<doc>Returns a list containing given items.</doc>
<status status="PASS" start="2025-06-09T03:39:02.875017" elapsed="0.000514"/>
</kw>
<kw name="Create List" owner="BuiltIn">
<msg time="2025-06-09T03:39:02.876423" level="INFO">@{positions} = [ [160, 202] ]</msg>
<var>@{positions}</var>
<arg>${position}</arg>
<doc>Returns a list containing given items.</doc>
<status status="PASS" start="2025-06-09T03:39:02.876115" elapsed="0.000350"/>
</kw>
<kw name="Tap With Positions" owner="AppiumLibrary">
<arg>1000</arg>
<arg>@{positions}</arg>
<doc>Taps on a particular place with up to five fingers, holding for a
certain time</doc>
<status status="PASS" start="2025-06-09T03:39:02.876977" elapsed="1.682197"/>
</kw>
<arg>Preference dependencies</arg>
<arg>${preference_dependencies}</arg>
<status status="PASS" start="2025-06-09T03:39:01.973461" elapsed="2.586199"/>
</kw>
<kw name="Select Checkbox" owner="commons">
<kw name="Element Should Reach The State displayed" owner="commons" source_name="Element Should Reach The State ${state}">
<kw name="Get Element Attribute" owner="AppiumLibrary">
<msg time="2025-06-09T03:39:05.250090" level="INFO">Element '//android.widget.LinearLayout[@resource-id="android:id/widget_frame"]//following::android.widget.CheckBox' attribute 'displayed' value 'true' </msg>
<msg time="2025-06-09T03:39:05.250264" level="INFO">xpath criteria: //android.widget.LinearLayout[@resource-id="android:id/widget_frame"]//following::android.widget.CheckBox</msg>
<msg time="2025-06-09T03:39:05.250429" level="INFO">${state_status} = true</msg>
<var>${state_status}</var>
<arg>${locator}</arg>
<arg>${state}</arg>
<doc>Get element attribute using given attribute: name, value,...</doc>
<status status="PASS" start="2025-06-09T03:39:04.561814" elapsed="0.688680"/>
</kw>
<kw name="Set Variable" owner="BuiltIn">
<msg time="2025-06-09T03:39:05.251892" level="INFO">${count} = 0</msg>
<var>${count}</var>
<arg>0</arg>
<doc>Returns the given values which can then be assigned to a variables.</doc>
<status status="PASS" start="2025-06-09T03:39:05.251492" elapsed="0.000464"/>
</kw>
<while condition="&quot;${state_status}&quot; == &quot;false&quot;">
<iter>
<if>
<branch type="IF" condition="&quot;${state_status}&quot; == &quot;true&quot;">
<break>
<status status="NOT RUN" start="2025-06-09T03:39:05.253360" elapsed="0.000083"/>
</break>
<status status="NOT RUN" start="2025-06-09T03:39:05.253207" elapsed="0.000530"/>
</branch>
<branch type="ELSE IF" condition="&quot;${state_status}&quot; == &quot;false&quot; and ${count} == ${retry}">
<kw name="Fail" owner="BuiltIn">
<arg>${element_name} not reach the state ${state} after retry ${retry} time(s)</arg>
<doc>Fails the test with the given message and optionally alters its tags.</doc>
<status status="NOT RUN" start="2025-06-09T03:39:05.254317" elapsed="0.000099"/>
</kw>
<status status="NOT RUN" start="2025-06-09T03:39:05.254002" elapsed="0.000707"/>
</branch>
<status status="NOT RUN" start="2025-06-09T03:39:05.253171" elapsed="0.001783"/>
</if>
<kw name="Evaluate" owner="BuiltIn">
<var>${count}</var>
<arg>${count} + 1</arg>
<doc>Evaluates the given expression in Python and returns the result.</doc>
<status status="NOT RUN" start="2025-06-09T03:39:05.255195" elapsed="0.000100"/>
</kw>
<kw name="Sleep" owner="BuiltIn">
<arg>2s</arg>
<doc>Pauses the test executed for the given time.</doc>
<status status="NOT RUN" start="2025-06-09T03:39:05.255785" elapsed="0.000125"/>
</kw>
<status status="NOT RUN" start="2025-06-09T03:39:05.252467" elapsed="0.003717"/>
</iter>
<status status="NOT RUN" start="2025-06-09T03:39:05.252464" elapsed="0.003977"/>
</while>
<arg>${element_name}</arg>
<arg>${locator}</arg>
<doc>Available state list:
checkable, checked, clickable, enabled, focusable, focused,
long-clickable, password, scrollable, selected, displayed</doc>
<status status="PASS" start="2025-06-09T03:39:04.561113" elapsed="0.695680"/>
</kw>
<kw name="Get Element Attribute" owner="AppiumLibrary">
<msg time="2025-06-09T03:39:05.446805" level="INFO">Element '//android.widget.LinearLayout[@resource-id="android:id/widget_frame"]//following::android.widget.CheckBox' attribute 'checked' value 'false' </msg>
<msg time="2025-06-09T03:39:05.446960" level="INFO">xpath criteria: //android.widget.LinearLayout[@resource-id="android:id/widget_frame"]//following::android.widget.CheckBox</msg>
<msg time="2025-06-09T03:39:05.447104" level="INFO">${is_checkbox_checked} = false</msg>
<var>${is_checkbox_checked}</var>
<arg>${locator}</arg>
<arg>checked</arg>
<doc>Get element attribute using given attribute: name, value,...</doc>
<status status="PASS" start="2025-06-09T03:39:05.257274" elapsed="0.189877"/>
</kw>
<if>
<branch type="IF" condition="&quot;${is_checkbox_checked}&quot; == &quot;false&quot;">
<kw name="Click Element" owner="AppiumLibrary">
<msg time="2025-06-09T03:39:05.451450" level="INFO">Clicking element '//android.widget.LinearLayout[@resource-id="android:id/widget_frame"]//following::android.widget.CheckBox'.</msg>
<msg time="2025-06-09T03:39:06.533762" level="INFO">xpath criteria: //android.widget.LinearLayout[@resource-id="android:id/widget_frame"]//following::android.widget.CheckBox</msg>
<arg>${locator}</arg>
<doc>Click element identified by `locator`.</doc>
<status status="PASS" start="2025-06-09T03:39:05.448390" elapsed="1.085496"/>
</kw>
<status status="PASS" start="2025-06-09T03:39:05.447864" elapsed="1.086522"/>
</branch>
<status status="PASS" start="2025-06-09T03:39:05.447823" elapsed="1.086758"/>
</if>
<arg>Checkbox wifi</arg>
<arg>${checkBox_wifi}</arg>
<status status="PASS" start="2025-06-09T03:39:04.560258" elapsed="1.974424"/>
</kw>
<kw name="Element Should Reach The State enabled" owner="commons" source_name="Element Should Reach The State ${state}">
<kw name="Get Element Attribute" owner="AppiumLibrary">
<msg time="2025-06-09T03:39:06.632484" level="INFO">Element '//android.widget.TextView[@resource-id="android:id/title" and @text="WiFi settings"]' attribute 'enabled' value 'true' </msg>
<msg time="2025-06-09T03:39:06.632682" level="INFO">xpath criteria: //android.widget.TextView[@resource-id="android:id/title" and @text="WiFi settings"]</msg>
<msg time="2025-06-09T03:39:06.632852" level="INFO">${state_status} = true</msg>
<var>${state_status}</var>
<arg>${locator}</arg>
<arg>${state}</arg>
<doc>Get element attribute using given attribute: name, value,...</doc>
<status status="PASS" start="2025-06-09T03:39:06.535902" elapsed="0.097011"/>
</kw>
<kw name="Set Variable" owner="BuiltIn">
<msg time="2025-06-09T03:39:06.634273" level="INFO">${count} = 0</msg>
<var>${count}</var>
<arg>0</arg>
<doc>Returns the given values which can then be assigned to a variables.</doc>
<status status="PASS" start="2025-06-09T03:39:06.633893" elapsed="0.000433"/>
</kw>
<while condition="&quot;${state_status}&quot; == &quot;false&quot;">
<iter>
<if>
<branch type="IF" condition="&quot;${state_status}&quot; == &quot;true&quot;">
<break>
<status status="NOT RUN" start="2025-06-09T03:39:06.635717" elapsed="0.000084"/>
</break>
<status status="NOT RUN" start="2025-06-09T03:39:06.635534" elapsed="0.000541"/>
</branch>
<branch type="ELSE IF" condition="&quot;${state_status}&quot; == &quot;false&quot; and ${count} == ${retry}">
<kw name="Fail" owner="BuiltIn">
<arg>${element_name} not reach the state ${state} after retry ${retry} time(s)</arg>
<doc>Fails the test with the given message and optionally alters its tags.</doc>
<status status="NOT RUN" start="2025-06-09T03:39:06.636642" elapsed="0.000091"/>
</kw>
<status status="NOT RUN" start="2025-06-09T03:39:06.636336" elapsed="0.000662"/>
</branch>
<status status="NOT RUN" start="2025-06-09T03:39:06.635501" elapsed="0.001741"/>
</if>
<kw name="Evaluate" owner="BuiltIn">
<var>${count}</var>
<arg>${count} + 1</arg>
<doc>Evaluates the given expression in Python and returns the result.</doc>
<status status="NOT RUN" start="2025-06-09T03:39:06.637477" elapsed="0.000121"/>
</kw>
<kw name="Sleep" owner="BuiltIn">
<arg>2s</arg>
<doc>Pauses the test executed for the given time.</doc>
<status status="NOT RUN" start="2025-06-09T03:39:06.638065" elapsed="0.000104"/>
</kw>
<status status="NOT RUN" start="2025-06-09T03:39:06.634847" elapsed="0.003605"/>
</iter>
<status status="NOT RUN" start="2025-06-09T03:39:06.634842" elapsed="0.003880"/>
</while>
<arg>Wifi settings</arg>
<arg>${wifi_settings}</arg>
<doc>Available state list:
checkable, checked, clickable, enabled, focusable, focused,
long-clickable, password, scrollable, selected, displayed</doc>
<status status="PASS" start="2025-06-09T03:39:06.535265" elapsed="0.103780"/>
</kw>
<kw name="Sleep" owner="BuiltIn">
<msg time="2025-06-09T03:39:21.640004" level="INFO">Slept 15 seconds.</msg>
<arg>15s</arg>
<doc>Pauses the test executed for the given time.</doc>
<status status="PASS" start="2025-06-09T03:39:06.639499" elapsed="15.000714"/>
</kw>
<kw name="Fail" owner="BuiltIn">
<msg time="2025-06-09T03:39:21.641698" level="FAIL">I want this test fail</msg>
<arg>I want this test fail</arg>
<doc>Fails the test with the given message and optionally alters its tags.</doc>
<status status="FAIL" start="2025-06-09T03:39:21.641232" elapsed="0.000605">I want this test fail</status>
</kw>
<kw name="Beta Teardown" type="TEARDOWN">
<kw name="Close API Demos" owner="commons">
<kw name="Close All Applications" owner="AppiumLibrary">
<doc>Closes all open applications.</doc>
<status status="PASS" start="2025-06-09T03:39:21.643883" elapsed="0.674975"/>
</kw>
<status status="PASS" start="2025-06-09T03:39:21.643204" elapsed="0.676097"/>
</kw>
<kw name="Stop Record Video" owner="commons">
<kw name="Replace String" owner="String">
<msg time="2025-06-09T03:39:22.320639" level="INFO">${video_name} = Beta_1_-_Test_Enable_wifi_settings</msg>
<var>${video_name}</var>
<arg>${TEST_NAME}</arg>
<arg>${SPACE}</arg>
<arg>_</arg>
<doc>Replaces ``search_for`` in the given ``string`` with ``replace_with``.</doc>
<status status="PASS" start="2025-06-09T03:39:22.320314" elapsed="0.000364"/>
</kw>
<kw name="Stop Recording" owner="test_screenRecord">
<msg time="2025-06-09T03:39:22.321488" level="INFO">Stopped screen recording to Beta_1_-_Test_Enable_wifi_settings.mp4</msg>
<arg>${video_name}.mp4</arg>
<status status="PASS" start="2025-06-09T03:39:22.321215" elapsed="0.000363"/>
</kw>
<kw name="Log To Console" owner="BuiltIn">
<arg>${TEST_STATUS}</arg>
<doc>Logs the given message to the console.</doc>
<status status="PASS" start="2025-06-09T03:39:22.322173" elapsed="0.000339"/>
</kw>
<if>
<branch type="IF" condition="&quot;${TEST_STATUS}&quot; == &quot;FAIL&quot;">
<kw name="Pull Video" owner="test_screenRecord">
<arg>${video_name}.mp4</arg>
<arg>${record_output}</arg>
<status status="PASS" start="2025-06-09T03:39:22.323251" elapsed="0.059425"/>
</kw>
<kw name="File Should Exist" owner="OperatingSystem">
<msg time="2025-06-09T03:39:22.384457" level="INFO" html="true">File '&lt;a href="file:///home/runner/work/test-uiautomator2-driver/test-uiautomator2-driver/TestRecord/Beta_1_-_Test_Enable_wifi_settings.mp4"&gt;/home/runner/work/test-uiautomator2-driver/test-uiautomator2-driver/TestRecord/Beta_1_-_Test_Enable_wifi_settings.mp4&lt;/a&gt;' exists.</msg>
<arg>${record_output}/${video_name}.mp4</arg>
<doc>Fails unless the given ``path`` points to an existing file.</doc>
<status status="PASS" start="2025-06-09T03:39:22.383852" elapsed="0.000708"/>
</kw>
<kw name="Sleep" owner="BuiltIn">
<msg time="2025-06-09T03:39:27.385541" level="INFO">Slept 5 seconds.</msg>
<arg>5s</arg>
<doc>Pauses the test executed for the given time.</doc>
<status status="PASS" start="2025-06-09T03:39:22.385107" elapsed="5.000662"/>
</kw>
<status status="PASS" start="2025-06-09T03:39:22.322855" elapsed="5.063731"/>
</branch>
<status status="PASS" start="2025-06-09T03:39:22.322819" elapsed="5.064084"/>
</if>
<kw name="Remove Video" owner="test_screenRecord">
<arg>${video_name}.mp4</arg>
<status status="PASS" start="2025-06-09T03:39:27.387253" elapsed="0.078344"/>
</kw>
<status status="PASS" start="2025-06-09T03:39:22.319822" elapsed="5.146795"/>
</kw>
<status status="PASS" start="2025-06-09T03:39:21.642673" elapsed="5.824241"/>
</kw>
<status status="FAIL" start="2025-06-09T03:38:41.261333" elapsed="46.205916">I want this test fail</status>
</test>
<test id="s1-t2" name="Beta 2 - Test send message" line="20">
<kw name="Beta Setup" type="SETUP">
<kw name="Start Record Video" owner="commons">
<kw name="Replace String" owner="String">
<msg time="2025-06-09T03:39:27.478158" level="INFO">${video_name} = Beta_2_-_Test_send_message</msg>
<var>${video_name}</var>
<arg>${TEST_NAME}</arg>
<arg>${SPACE}</arg>
<arg>_</arg>
<doc>Replaces ``search_for`` in the given ``string`` with ``replace_with``.</doc>
<status status="PASS" start="2025-06-09T03:39:27.477735" elapsed="0.000474"/>
</kw>
<kw name="Start Recording" owner="test_screenRecord">
<msg time="2025-06-09T03:39:27.502002" level="INFO">Started screen recording to Beta_2_-_Test_send_message.mp4</msg>
<arg>${video_name}.mp4</arg>
<status status="PASS" start="2025-06-09T03:39:27.478797" elapsed="0.023589"/>
</kw>
<status status="PASS" start="2025-06-09T03:39:27.477217" elapsed="0.026474"/>
</kw>
<kw name="Open API Demos" owner="commons">
<kw name="Load Environment Variables" owner="load_env">
<msg time="2025-06-09T03:39:27.507408" level="INFO">${env_vars} = {'SHELL': '/bin/bash', 'SELENIUM_JAR_PATH': '/usr/share/java/selenium-server.jar', 'CONDA': '/usr/share/miniconda', 'GITHUB_WORKSPACE': '/home/runner/work/test-uiautomator2-driver/test-uiautomator2-dr...</msg>
<var>${env_vars}</var>
<status status="PASS" start="2025-06-09T03:39:27.506262" elapsed="0.001211"/>
</kw>
<kw name="Log To Console" owner="BuiltIn">
<arg>${env_vars['PATH_TO_APK']}</arg>
<doc>Logs the given message to the console.</doc>
<status status="PASS" start="2025-06-09T03:39:27.508165" elapsed="0.001277"/>
</kw>
<kw name="Open Application" owner="AppiumLibrary">
<arg>${env_vars['APPIUM_TEST_SERVER_HOST']}:${env_vars['APPIUM_TEST_SERVER_PORT']}</arg>
<arg>platformName=${env_vars['PLATFORM_NAME']}</arg>
<arg>platformVersion=${env_vars['PLATFORM_VERSION']}</arg>
<arg>deviceName=${env_vars['DEVICE_NAME']}</arg>
<arg>appPackage=${env_vars['APP_PACKAGE']}</arg>
<arg>appWaitActivity=${env_vars['APP_ACTIVITY']}</arg>
<arg>app=${env_vars['PATH_TO_APK']}</arg>
<arg>automationName=${env_vars['AUTOMATION_NAME']}</arg>
<arg>enforceXPath1=${True}</arg>
<doc>Opens a new application to given Appium server.
Capabilities of appium server, Android and iOS,
Please check https://appium.io/docs/en/2.1/cli/args/
| *Option*            | *Man.* | *Description*     |
| remote_url          | Yes    | Appium server url |
| alias               | no     | alias             |
| strict_ssl          | No     | allows you to send commands to an invalid certificate host like a self-signed one. |</doc>
<status status="PASS" start="2025-06-09T03:39:27.510028" elapsed="5.931027"/>
</kw>
<status status="PASS" start="2025-06-09T03:39:27.505374" elapsed="5.936218"/>
</kw>
<status status="PASS" start="2025-06-09T03:39:27.476629" elapsed="5.965291"/>
</kw>
<kw name="Tap On Element Test Keyword" owner="commons">
<kw name="Run Keyword And Return Status" owner="BuiltIn">
<kw name="Wait Until Element Is Visible" owner="AppiumLibrary">
<msg time="2025-06-09T03:39:34.193629" level="INFO">xpath criteria: //android.widget.TextView[@content-desc="OS"]</msg>
<arg>${locator}</arg>
<arg>${global_timeout}</arg>
<doc>Waits until element specified with `locator` is visible.</doc>
<status status="PASS" start="2025-06-09T03:39:33.444485" elapsed="0.749319"/>
</kw>
<msg time="2025-06-09T03:39:34.194666" level="INFO">${is_element_visible} = True</msg>
<var>${is_element_visible}</var>
<arg>Wait Until Element Is Visible</arg>
<arg>${locator}</arg>
<arg>${global_timeout}</arg>
<doc>Runs the given keyword with given arguments and returns the status as a Boolean value.</doc>
<status status="PASS" start="2025-06-09T03:39:33.444131" elapsed="0.750590"/>
</kw>
<if>
<branch type="IF" condition="${is_element_visible} == ${False}">
<kw name="Fail" owner="BuiltIn">
<arg>${element_name} not visible after ${global_timeout}</arg>
<doc>Fails the test with the given message and optionally alters its tags.</doc>
<status status="NOT RUN" start="2025-06-09T03:39:34.195770" elapsed="0.000087"/>
</kw>
<status status="NOT RUN" start="2025-06-09T03:39:34.195223" elapsed="0.000858"/>
</branch>
<status status="PASS" start="2025-06-09T03:39:34.195173" elapsed="0.001107"/>
</if>
<kw name="Get Element Attribute" owner="AppiumLibrary">
<msg time="2025-06-09T03:39:34.365259" level="INFO">Element '//android.widget.TextView[@content-desc="OS"]' attribute 'bounds' value '[0,472][320,520]' </msg>
<msg time="2025-06-09T03:39:34.365431" level="INFO">xpath criteria: //android.widget.TextView[@content-desc="OS"]</msg>
<msg time="2025-06-09T03:39:34.365599" level="INFO">${element_location} = [0,472][320,520]</msg>
<var>${element_location}</var>
<arg>${locator}</arg>
<arg>bounds</arg>
<doc>Get element attribute using given attribute: name, value,...</doc>
<status status="PASS" start="2025-06-09T03:39:34.196488" elapsed="0.169189"/>
</kw>
<kw name="Re Find All" owner="handle_elements_bounds">
<msg time="2025-06-09T03:39:34.367035" level="INFO">${matches} = ['0', '472', '320', '520']</msg>
<var>${matches}</var>
<arg>${element_location}</arg>
<doc>Find all occurrences of a pattern in a string using regex.</doc>
<status status="PASS" start="2025-06-09T03:39:34.366627" elapsed="0.000457"/>
</kw>
<kw name="Evaluate" owner="BuiltIn">
<msg time="2025-06-09T03:39:34.370221" level="INFO">${x_center} = 160</msg>
<var>${x_center}</var>
<arg>int((int(${matches[0]}) + int(${matches[2]})) / 2 )</arg>
<doc>Evaluates the given expression in Python and returns the result.</doc>
<status status="PASS" start="2025-06-09T03:39:34.367834" elapsed="0.002439"/>
</kw>
<kw name="Evaluate" owner="BuiltIn">
<msg time="2025-06-09T03:39:34.374056" level="INFO">${y_center} = 496</msg>
<var>${y_center}</var>
<arg>int((int(${matches[1]}) + int(${matches[3]})) / 2 )</arg>
<doc>Evaluates the given expression in Python and returns the result.</doc>
<status status="PASS" start="2025-06-09T03:39:34.370957" elapsed="0.003162"/>
</kw>
<kw name="Create List" owner="BuiltIn">
<msg time="2025-06-09T03:39:34.375296" level="INFO">@{position} = [ 160 | 496 ]</msg>
<var>@{position}</var>
<arg>${x_center}</arg>
<arg>${y_center}</arg>
<doc>Returns a list containing given items.</doc>
<status status="PASS" start="2025-06-09T03:39:34.374809" elapsed="0.000546"/>
</kw>
<kw name="Create List" owner="BuiltIn">
<msg time="2025-06-09T03:39:34.376445" level="INFO">@{positions} = [ [160, 496] ]</msg>
<var>@{positions}</var>
<arg>${position}</arg>
<doc>Returns a list containing given items.</doc>
<status status="PASS" start="2025-06-09T03:39:34.376035" elapsed="0.000468"/>
</kw>
<kw name="Tap With Positions" owner="AppiumLibrary">
<arg>1000</arg>
<arg>@{positions}</arg>
<doc>Taps on a particular place with up to five fingers, holding for a
certain time</doc>
<status status="PASS" start="2025-06-09T03:39:34.377319" elapsed="1.654886"/>
</kw>
<arg>Menu OS</arg>
<arg>${menu_os}</arg>
<status status="PASS" start="2025-06-09T03:39:33.442728" elapsed="2.590104"/>
</kw>
<kw name="Tap On Element Test Keyword" owner="commons">
<msg time="2025-06-09T03:39:36.035256" level="FAIL">Variable '${sms_messaging}' not found.</msg>
<arg>SMS Messaging</arg>
<arg>${sms_messaging}</arg>
<status status="FAIL" start="2025-06-09T03:39:36.033636" elapsed="0.001716">Variable '${sms_messaging}' not found.</status>
</kw>
<kw name="Select Checkbox" owner="commons">
<arg>Enable SMS broadcast receiver</arg>
<arg>${checkBox_enable_sms_broadcast_receiver}</arg>
<status status="NOT RUN" start="2025-06-09T03:39:36.036302" elapsed="0.000116"/>
</kw>
<kw name="Input Text On Element" owner="commons">
<arg>Text field Recipient</arg>
<arg>${txt_recipient}</arg>
<arg>Test ABC def GhY</arg>
<status status="NOT RUN" start="2025-06-09T03:39:36.036947" elapsed="0.000110"/>
</kw>
<kw name="Sleep" owner="BuiltIn">
<arg>15s</arg>
<doc>Pauses the test executed for the given time.</doc>
<status status="NOT RUN" start="2025-06-09T03:39:36.037522" elapsed="0.000130"/>
</kw>
<kw name="Fail" owner="BuiltIn">
<arg>I want this test fail</arg>
<doc>Fails the test with the given message and optionally alters its tags.</doc>
<status status="NOT RUN" start="2025-06-09T03:39:36.038071" elapsed="0.000101"/>
</kw>
<kw name="Beta Teardown" type="TEARDOWN">
<kw name="Close API Demos" owner="commons">
<kw name="Close All Applications" owner="AppiumLibrary">
<doc>Closes all open applications.</doc>
<status status="PASS" start="2025-06-09T03:39:36.039948" elapsed="0.580963"/>
</kw>
<status status="PASS" start="2025-06-09T03:39:36.039437" elapsed="0.581932"/>
</kw>
<kw name="Stop Record Video" owner="commons">
<kw name="Replace String" owner="String">
<msg time="2025-06-09T03:39:36.623149" level="INFO">${video_name} = Beta_2_-_Test_send_message</msg>
<var>${video_name}</var>
<arg>${TEST_NAME}</arg>
<arg>${SPACE}</arg>
<arg>_</arg>
<doc>Replaces ``search_for`` in the given ``string`` with ``replace_with``.</doc>
<status status="PASS" start="2025-06-09T03:39:36.622634" elapsed="0.000576"/>
</kw>
<kw name="Stop Recording" owner="test_screenRecord">
<msg time="2025-06-09T03:39:36.624408" level="INFO">Stopped screen recording to Beta_2_-_Test_send_message.mp4</msg>
<arg>${video_name}.mp4</arg>
<status status="PASS" start="2025-06-09T03:39:36.624083" elapsed="0.000401"/>
</kw>
<kw name="Log To Console" owner="BuiltIn">
<arg>${TEST_STATUS}</arg>
<doc>Logs the given message to the console.</doc>
<status status="PASS" start="2025-06-09T03:39:36.625195" elapsed="0.000393"/>
</kw>
<if>
<branch type="IF" condition="&quot;${TEST_STATUS}&quot; == &quot;FAIL&quot;">
<kw name="Pull Video" owner="test_screenRecord">
<arg>${video_name}.mp4</arg>
<arg>${record_output}</arg>
<status status="PASS" start="2025-06-09T03:39:36.626269" elapsed="0.026431"/>
</kw>
<kw name="File Should Exist" owner="OperatingSystem">
<msg time="2025-06-09T03:39:36.654967" level="INFO" html="true">File '&lt;a href="file:///home/runner/work/test-uiautomator2-driver/test-uiautomator2-driver/TestRecord/Beta_2_-_Test_send_message.mp4"&gt;/home/runner/work/test-uiautomator2-driver/test-uiautomator2-driver/TestRecord/Beta_2_-_Test_send_message.mp4&lt;/a&gt;' exists.</msg>
<arg>${record_output}/${video_name}.mp4</arg>
<doc>Fails unless the given ``path`` points to an existing file.</doc>
<status status="PASS" start="2025-06-09T03:39:36.654200" elapsed="0.000891"/>
</kw>
<kw name="Sleep" owner="BuiltIn">
<msg time="2025-06-09T03:39:41.656419" level="INFO">Slept 5 seconds.</msg>
<arg>5s</arg>
<doc>Pauses the test executed for the given time.</doc>
<status status="PASS" start="2025-06-09T03:39:36.655911" elapsed="5.000803"/>
</kw>
<status status="PASS" start="2025-06-09T03:39:36.625903" elapsed="5.031672"/>
</branch>
<status status="PASS" start="2025-06-09T03:39:36.625868" elapsed="5.032058"/>
</if>
<kw name="Remove Video" owner="test_screenRecord">
<arg>${video_name}.mp4</arg>
<status status="PASS" start="2025-06-09T03:39:41.658302" elapsed="0.026564"/>
</kw>
<status status="PASS" start="2025-06-09T03:39:36.621994" elapsed="5.063764"/>
</kw>
<status status="PASS" start="2025-06-09T03:39:36.038814" elapsed="5.647188"/>
</kw>
<status status="FAIL" start="2025-06-09T03:39:27.475785" elapsed="14.210490">Variable '${sms_messaging}' not found.</status>
</test>
<test id="s1-t3" name="Beta 3 - Test record video" line="28">
<kw name="Beta Setup" type="SETUP">
<kw name="Start Record Video" owner="commons">
<kw name="Replace String" owner="String">
<msg time="2025-06-09T03:39:41.696606" level="INFO">${video_name} = Beta_3_-_Test_record_video</msg>
<var>${video_name}</var>
<arg>${TEST_NAME}</arg>
<arg>${SPACE}</arg>
<arg>_</arg>
<doc>Replaces ``search_for`` in the given ``string`` with ``replace_with``.</doc>
<status status="PASS" start="2025-06-09T03:39:41.696215" elapsed="0.000433"/>
</kw>
<kw name="Start Recording" owner="test_screenRecord">
<msg time="2025-06-09T03:39:41.720229" level="INFO">Started screen recording to Beta_3_-_Test_record_video.mp4</msg>
<arg>${video_name}.mp4</arg>
<status status="PASS" start="2025-06-09T03:39:41.697111" elapsed="0.023513"/>
</kw>
<status status="PASS" start="2025-06-09T03:39:41.695774" elapsed="0.026294"/>
</kw>
<kw name="Open API Demos" owner="commons">
<kw name="Load Environment Variables" owner="load_env">
<msg time="2025-06-09T03:39:41.724435" level="INFO">${env_vars} = {'SHELL': '/bin/bash', 'SELENIUM_JAR_PATH': '/usr/share/java/selenium-server.jar', 'CONDA': '/usr/share/miniconda', 'GITHUB_WORKSPACE': '/home/runner/work/test-uiautomator2-driver/test-uiautomator2-dr...</msg>
<var>${env_vars}</var>
<status status="PASS" start="2025-06-09T03:39:41.723693" elapsed="0.000782"/>
</kw>
<kw name="Log To Console" owner="BuiltIn">
<arg>${env_vars['PATH_TO_APK']}</arg>
<doc>Logs the given message to the console.</doc>
<status status="PASS" start="2025-06-09T03:39:41.724948" elapsed="0.000927"/>
</kw>
<kw name="Open Application" owner="AppiumLibrary">
<arg>${env_vars['APPIUM_TEST_SERVER_HOST']}:${env_vars['APPIUM_TEST_SERVER_PORT']}</arg>
<arg>platformName=${env_vars['PLATFORM_NAME']}</arg>
<arg>platformVersion=${env_vars['PLATFORM_VERSION']}</arg>
<arg>deviceName=${env_vars['DEVICE_NAME']}</arg>
<arg>appPackage=${env_vars['APP_PACKAGE']}</arg>
<arg>appWaitActivity=${env_vars['APP_ACTIVITY']}</arg>
<arg>app=${env_vars['PATH_TO_APK']}</arg>
<arg>automationName=${env_vars['AUTOMATION_NAME']}</arg>
<arg>enforceXPath1=${True}</arg>
<doc>Opens a new application to given Appium server.
Capabilities of appium server, Android and iOS,
Please check https://appium.io/docs/en/2.1/cli/args/
| *Option*            | *Man.* | *Description*     |
| remote_url          | Yes    | Appium server url |
| alias               | no     | alias             |
| strict_ssl          | No     | allows you to send commands to an invalid certificate host like a self-signed one. |</doc>
<status status="PASS" start="2025-06-09T03:39:41.726285" elapsed="6.058707"/>
</kw>
<status status="PASS" start="2025-06-09T03:39:41.723024" elapsed="6.062448"/>
</kw>
<status status="PASS" start="2025-06-09T03:39:41.695198" elapsed="6.090584"/>
</kw>
<kw name="Log To Console" owner="BuiltIn">
<arg>touchaku</arg>
<doc>Logs the given message to the console.</doc>
<status status="PASS" start="2025-06-09T03:39:47.786398" elapsed="0.000422"/>
</kw>
<kw name="Tap On Element Test Keyword" owner="commons">
<kw name="Run Keyword And Return Status" owner="BuiltIn">
<kw name="Wait Until Element Is Visible" owner="AppiumLibrary">
<msg time="2025-06-09T03:39:48.396315" level="INFO">xpath criteria: //android.widget.TextView[@content-desc="Preference"]</msg>
<arg>${locator}</arg>
<arg>${global_timeout}</arg>
<doc>Waits until element specified with `locator` is visible.</doc>
<status status="PASS" start="2025-06-09T03:39:47.788716" elapsed="0.607800"/>
</kw>
<msg time="2025-06-09T03:39:48.397487" level="INFO">${is_element_visible} = True</msg>
<var>${is_element_visible}</var>
<arg>Wait Until Element Is Visible</arg>
<arg>${locator}</arg>
<arg>${global_timeout}</arg>
<doc>Runs the given keyword with given arguments and returns the status as a Boolean value.</doc>
<status status="PASS" start="2025-06-09T03:39:47.788278" elapsed="0.609301"/>
</kw>
<if>
<branch type="IF" condition="${is_element_visible} == ${False}">
<kw name="Fail" owner="BuiltIn">
<arg>${element_name} not visible after ${global_timeout}</arg>
<doc>Fails the test with the given message and optionally alters its tags.</doc>
<status status="NOT RUN" start="2025-06-09T03:39:48.399034" elapsed="0.000114"/>
</kw>
<status status="NOT RUN" start="2025-06-09T03:39:48.398298" elapsed="0.001153"/>
</branch>
<status status="PASS" start="2025-06-09T03:39:48.398238" elapsed="0.001526"/>
</if>
<kw name="Get Element Attribute" owner="AppiumLibrary">
<msg time="2025-06-09T03:39:48.559659" level="INFO">Element '//android.widget.TextView[@content-desc="Preference"]' attribute 'bounds' value '[0,521][320,569]' </msg>
<msg time="2025-06-09T03:39:48.559840" level="INFO">xpath criteria: //android.widget.TextView[@content-desc="Preference"]</msg>
<msg time="2025-06-09T03:39:48.560021" level="INFO">${element_location} = [0,521][320,569]</msg>
<var>${element_location}</var>
<arg>${locator}</arg>
<arg>bounds</arg>
<doc>Get element attribute using given attribute: name, value,...</doc>
<status status="PASS" start="2025-06-09T03:39:48.400084" elapsed="0.159997"/>
</kw>
<kw name="Re Find All" owner="handle_elements_bounds">
<msg time="2025-06-09T03:39:48.561615" level="INFO">${matches} = ['0', '521', '320', '569']</msg>
<var>${matches}</var>
<arg>${element_location}</arg>
<doc>Find all occurrences of a pattern in a string using regex.</doc>
<status status="PASS" start="2025-06-09T03:39:48.561110" elapsed="0.000562"/>
</kw>
<kw name="Evaluate" owner="BuiltIn">
<msg time="2025-06-09T03:39:48.564621" level="INFO">${x_center} = 160</msg>
<var>${x_center}</var>
<arg>int((int(${matches[0]}) + int(${matches[2]})) / 2 )</arg>
<doc>Evaluates the given expression in Python and returns the result.</doc>
<status status="PASS" start="2025-06-09T03:39:48.562277" elapsed="0.002406"/>
</kw>
<kw name="Evaluate" owner="BuiltIn">
<msg time="2025-06-09T03:39:48.568352" level="INFO">${y_center} = 545</msg>
<var>${y_center}</var>
<arg>int((int(${matches[1]}) + int(${matches[3]})) / 2 )</arg>
<doc>Evaluates the given expression in Python and returns the result.</doc>
<status status="PASS" start="2025-06-09T03:39:48.565334" elapsed="0.003078"/>
</kw>
<kw name="Create List" owner="BuiltIn">
<msg time="2025-06-09T03:39:48.569532" level="INFO">@{position} = [ 160 | 545 ]</msg>
<var>@{position}</var>
<arg>${x_center}</arg>
<arg>${y_center}</arg>
<doc>Returns a list containing given items.</doc>
<status status="PASS" start="2025-06-09T03:39:48.569078" elapsed="0.000533"/>
</kw>
<kw name="Create List" owner="BuiltIn">
<msg time="2025-06-09T03:39:48.570671" level="INFO">@{positions} = [ [160, 545] ]</msg>
<var>@{positions}</var>
<arg>${position}</arg>
<doc>Returns a list containing given items.</doc>
<status status="PASS" start="2025-06-09T03:39:48.570255" elapsed="0.000531"/>
</kw>
<kw name="Tap With Positions" owner="AppiumLibrary">
<arg>1000</arg>
<arg>@{positions}</arg>
<doc>Taps on a particular place with up to five fingers, holding for a
certain time</doc>
<status status="PASS" start="2025-06-09T03:39:48.571521" elapsed="1.634739"/>
</kw>
<arg>Menu Preference</arg>
<arg>${menu_preference}</arg>
<status status="PASS" start="2025-06-09T03:39:47.787534" elapsed="2.419254"/>
</kw>
<kw name="Sleep" owner="BuiltIn">
<msg time="2025-06-09T03:40:00.207869" level="INFO">Slept 10 seconds.</msg>
<arg>10s</arg>
<doc>Pauses the test executed for the given time.</doc>
<status status="PASS" start="2025-06-09T03:39:50.207296" elapsed="10.000824"/>
</kw>
<kw name="Beta Teardown" type="TEARDOWN">
<kw name="Close API Demos" owner="commons">
<kw name="Close All Applications" owner="AppiumLibrary">
<doc>Closes all open applications.</doc>
<status status="PASS" start="2025-06-09T03:40:00.210427" elapsed="0.443036"/>
</kw>
<status status="PASS" start="2025-06-09T03:40:00.209912" elapsed="0.444074"/>
</kw>
<kw name="Stop Record Video" owner="commons">
<kw name="Replace String" owner="String">
<msg time="2025-06-09T03:40:00.655946" level="INFO">${video_name} = Beta_3_-_Test_record_video</msg>
<var>${video_name}</var>
<arg>${TEST_NAME}</arg>
<arg>${SPACE}</arg>
<arg>_</arg>
<doc>Replaces ``search_for`` in the given ``string`` with ``replace_with``.</doc>
<status status="PASS" start="2025-06-09T03:40:00.655464" elapsed="0.000540"/>
</kw>
<kw name="Stop Recording" owner="test_screenRecord">
<msg time="2025-06-09T03:40:00.657080" level="INFO">Stopped screen recording to Beta_3_-_Test_record_video.mp4</msg>
<arg>${video_name}.mp4</arg>
<status status="PASS" start="2025-06-09T03:40:00.656726" elapsed="0.000448"/>
</kw>
<kw name="Log To Console" owner="BuiltIn">
<arg>${TEST_STATUS}</arg>
<doc>Logs the given message to the console.</doc>
<status status="PASS" start="2025-06-09T03:40:00.658338" elapsed="0.000864"/>
</kw>
<if>
<branch type="IF" condition="&quot;${TEST_STATUS}&quot; == &quot;FAIL&quot;">
<kw name="Pull Video" owner="test_screenRecord">
<arg>${video_name}.mp4</arg>
<arg>${record_output}</arg>
<status status="NOT RUN" start="2025-06-09T03:40:00.660253" elapsed="0.000104"/>
</kw>
<kw name="File Should Exist" owner="OperatingSystem">
<arg>${record_output}/${video_name}.mp4</arg>
<doc>Fails unless the given ``path`` points to an existing file.</doc>
<status status="NOT RUN" start="2025-06-09T03:40:00.660810" elapsed="0.000094"/>
</kw>
<kw name="Sleep" owner="BuiltIn">
<arg>5s</arg>
<doc>Pauses the test executed for the given time.</doc>
<status status="NOT RUN" start="2025-06-09T03:40:00.661296" elapsed="0.000091"/>
</kw>
<status status="NOT RUN" start="2025-06-09T03:40:00.659785" elapsed="0.001854"/>
</branch>
<status status="PASS" start="2025-06-09T03:40:00.659528" elapsed="0.002309"/>
</if>
<kw name="Remove Video" owner="test_screenRecord">
<arg>${video_name}.mp4</arg>
<status status="PASS" start="2025-06-09T03:40:00.662004" elapsed="0.055049"/>
</kw>
<status status="PASS" start="2025-06-09T03:40:00.654736" elapsed="0.063488"/>
</kw>
<status status="PASS" start="2025-06-09T03:40:00.209217" elapsed="0.509458"/>
</kw>
<status status="PASS" start="2025-06-09T03:39:41.694093" elapsed="19.024955"/>
</test>
<status status="FAIL" start="2025-06-09T03:38:40.757304" elapsed="79.971997"/>
</suite>
<statistics>
<total>
<stat pass="1" fail="2" skip="0">All Tests</stat>
</total>
<tag>
</tag>
<suite>
<stat pass="1" fail="2" skip="0" id="s1" name="DeviceFarm">DeviceFarm</stat>
</suite>
</statistics>
<errors>
<msg time="2025-06-09T03:38:41.258652" level="ERROR">Error in file '/home/runner/work/test-uiautomator2-driver/test-uiautomator2-driver/pages/commons.resource' on line 13: Resource file 'OS/ChildMenu.resource' does not exist.</msg>
<msg time="2025-06-09T03:38:41.259196" level="ERROR">Error in file '/home/runner/work/test-uiautomator2-driver/test-uiautomator2-driver/pages/commons.resource' on line 14: Resource file 'OS/SMSMessaging.resource' does not exist.</msg>
</errors>
</robot>
